2022-07-22 13:31:05.017 INFO  com.jiawa.wikidev.WikidevApplication              :55   [32m                  [0;39m Starting WikidevApplication using Java 1.8.0_322 on LAPTOP-ATMOILNP with PID 26764 (D:\WorkSpace\imooc\wikidev\target\classes started by Tong in D:\WorkSpace\imooc\wikidev)
2022-07-22 13:31:05.019 INFO  com.jiawa.wikidev.WikidevApplication              :634  [32m                  [0;39m No active profile set, falling back to 1 default profile: "default"
2022-07-22 13:31:05.053 INFO  o.s.b.d.env.DevToolsPropertyDefaultsPostProcessor :255  [32m                  [0;39m Devtools property defaults active! Set 'spring.devtools.add-properties' to 'false' to disable
2022-07-22 13:31:05.054 INFO  o.s.b.d.env.DevToolsPropertyDefaultsPostProcessor :255  [32m                  [0;39m For additional web related logging consider setting the 'logging.level.web' property to 'DEBUG'
2022-07-22 13:31:05.780 INFO  o.s.boot.web.embedded.tomcat.TomcatWebServer      :108  [32m                  [0;39m Tomcat initialized with port(s): 8880 (http)
2022-07-22 13:31:05.781 INFO  org.apache.catalina.core.AprLifecycleListener     :173  [32m                  [0;39m Loaded Apache Tomcat Native library [1.2.31] using APR version [1.7.0].
2022-07-22 13:31:05.781 INFO  org.apache.catalina.core.AprLifecycleListener     :173  [32m                  [0;39m APR capabilities: IPv6 [true], sendfile [true], accept filters [false], random [true], UDS [true].
2022-07-22 13:31:05.781 INFO  org.apache.catalina.core.AprLifecycleListener     :173  [32m                  [0;39m APR/OpenSSL configuration: useAprConnector [false], useOpenSSL [true]
2022-07-22 13:31:05.792 INFO  org.apache.catalina.core.AprLifecycleListener     :173  [32m                  [0;39m OpenSSL successfully initialized [OpenSSL 1.1.1l  24 Aug 2021]
2022-07-22 13:31:05.799 INFO  org.apache.coyote.http11.Http11NioProtocol        :173  [32m                  [0;39m Initializing ProtocolHandler ["http-nio-8880"]
2022-07-22 13:31:05.800 INFO  org.apache.catalina.core.StandardService          :173  [32m                  [0;39m Starting service [Tomcat]
2022-07-22 13:31:05.800 INFO  org.apache.catalina.core.StandardEngine           :173  [32m                  [0;39m Starting Servlet engine: [Apache Tomcat/9.0.64]
2022-07-22 13:31:05.862 INFO  o.a.c.core.ContainerBase.[Tomcat].[localhost].[/] :173  [32m                  [0;39m Initializing Spring embedded WebApplicationContext
2022-07-22 13:31:05.862 INFO  o.s.b.w.s.c.ServletWebServerApplicationContext    :292  [32m                  [0;39m Root WebApplicationContext: initialization completed in 808 ms
2022-07-22 13:31:06.324 INFO  o.s.b.d.autoconfigure.OptionalLiveReloadServer    :58   [32m                  [0;39m LiveReload server is running on port 35729
2022-07-22 13:31:06.334 INFO  org.apache.coyote.http11.Http11NioProtocol        :173  [32m                  [0;39m Starting ProtocolHandler ["http-nio-8880"]
2022-07-22 13:31:06.348 INFO  o.s.boot.web.embedded.tomcat.TomcatWebServer      :220  [32m                  [0;39m Tomcat started on port(s): 8880 (http) with context path ''
2022-07-22 13:31:06.355 INFO  com.jiawa.wikidev.WikidevApplication              :61   [32m                  [0;39m Started WikidevApplication in 1.678 seconds (JVM running for 2.347)
2022-07-22 13:31:06.357 INFO  com.jiawa.wikidev.WikidevApplication              :19   [32m                  [0;39m 启动成功！！
2022-07-22 13:31:06.358 INFO  com.jiawa.wikidev.WikidevApplication              :20   [32m                  [0;39m 地址：	http://127.0.0.1:8880
2022-07-22 13:35:13.115 INFO  o.a.c.core.ContainerBase.[Tomcat].[localhost].[/] :173  [32m                  [0;39m Initializing Spring DispatcherServlet 'dispatcherServlet'
2022-07-22 13:35:13.116 INFO  org.springframework.web.servlet.DispatcherServlet :525  [32m                  [0;39m Initializing Servlet 'dispatcherServlet'
2022-07-22 13:35:13.116 INFO  org.springframework.web.servlet.DispatcherServlet :547  [32m                  [0;39m Completed initialization in 0 ms
2022-07-22 13:35:13.175 INFO  com.zaxxer.hikari.HikariDataSource                :110  [32m                  [0;39m HikariPool-1 - Starting...
2022-07-22 13:35:13.426 INFO  com.zaxxer.hikari.HikariDataSource                :123  [32m                  [0;39m HikariPool-1 - Start completed.
2022-07-22 13:36:59.473 INFO  com.zaxxer.hikari.HikariDataSource                :350  [32m                  [0;39m HikariPool-1 - Shutdown initiated...
2022-07-22 13:36:59.483 INFO  com.zaxxer.hikari.HikariDataSource                :352  [32m                  [0;39m HikariPool-1 - Shutdown completed.
2022-07-22 13:36:59.576 INFO  com.jiawa.wikidev.WikidevApplication              :55   [32m                  [0;39m Starting WikidevApplication using Java 1.8.0_322 on LAPTOP-ATMOILNP with PID 26764 (D:\WorkSpace\imooc\wikidev\target\classes started by Tong in D:\WorkSpace\imooc\wikidev)
2022-07-22 13:36:59.577 INFO  com.jiawa.wikidev.WikidevApplication              :634  [32m                  [0;39m No active profile set, falling back to 1 default profile: "default"
2022-07-22 13:36:59.723 INFO  o.s.boot.web.embedded.tomcat.TomcatWebServer      :108  [32m                  [0;39m Tomcat initialized with port(s): 8880 (http)
2022-07-22 13:36:59.723 INFO  org.apache.catalina.core.AprLifecycleListener     :173  [32m                  [0;39m Loaded Apache Tomcat Native library [1.2.31] using APR version [1.7.0].
2022-07-22 13:36:59.727 INFO  org.apache.catalina.core.AprLifecycleListener     :173  [32m                  [0;39m APR capabilities: IPv6 [true], sendfile [true], accept filters [false], random [true], UDS [true].
2022-07-22 13:36:59.727 INFO  org.apache.catalina.core.AprLifecycleListener     :173  [32m                  [0;39m APR/OpenSSL configuration: useAprConnector [false], useOpenSSL [true]
2022-07-22 13:36:59.727 INFO  org.apache.catalina.core.AprLifecycleListener     :173  [32m                  [0;39m OpenSSL successfully initialized [OpenSSL 1.1.1l  24 Aug 2021]
2022-07-22 13:36:59.727 INFO  org.apache.coyote.http11.Http11NioProtocol        :173  [32m                  [0;39m Initializing ProtocolHandler ["http-nio-8880"]
2022-07-22 13:36:59.728 INFO  org.apache.catalina.core.StandardService          :173  [32m                  [0;39m Starting service [Tomcat]
2022-07-22 13:36:59.728 INFO  org.apache.catalina.core.StandardEngine           :173  [32m                  [0;39m Starting Servlet engine: [Apache Tomcat/9.0.64]
2022-07-22 13:36:59.740 INFO  o.a.c.core.ContainerBase.[Tomcat].[localhost].[/] :173  [32m                  [0;39m Initializing Spring embedded WebApplicationContext
2022-07-22 13:36:59.740 INFO  o.s.b.w.s.c.ServletWebServerApplicationContext    :292  [32m                  [0;39m Root WebApplicationContext: initialization completed in 162 ms
2022-07-22 13:36:59.843 INFO  o.s.b.d.autoconfigure.OptionalLiveReloadServer    :58   [32m                  [0;39m LiveReload server is running on port 35729
2022-07-22 13:36:59.848 INFO  org.apache.coyote.http11.Http11NioProtocol        :173  [32m                  [0;39m Starting ProtocolHandler ["http-nio-8880"]
2022-07-22 13:36:59.850 INFO  o.s.boot.web.embedded.tomcat.TomcatWebServer      :220  [32m                  [0;39m Tomcat started on port(s): 8880 (http) with context path ''
2022-07-22 13:36:59.853 INFO  com.jiawa.wikidev.WikidevApplication              :61   [32m                  [0;39m Started WikidevApplication in 0.302 seconds (JVM running for 355.846)
2022-07-22 13:36:59.854 INFO  o.s.b.d.a.ConditionEvaluationDeltaLoggingListener :63   [32m                  [0;39m Condition evaluation unchanged
2022-07-22 13:36:59.855 INFO  com.jiawa.wikidev.WikidevApplication              :19   [32m                  [0;39m 启动成功！！
2022-07-22 13:36:59.855 INFO  com.jiawa.wikidev.WikidevApplication              :20   [32m                  [0;39m 地址：	http://127.0.0.1:8880
2022-07-22 13:37:36.160 INFO  com.jiawa.wikidev.WikidevApplication              :55   [32m                  [0;39m Starting WikidevApplication using Java 1.8.0_322 on LAPTOP-ATMOILNP with PID 26764 (D:\WorkSpace\imooc\wikidev\target\classes started by Tong in D:\WorkSpace\imooc\wikidev)
2022-07-22 13:37:36.160 INFO  com.jiawa.wikidev.WikidevApplication              :634  [32m                  [0;39m No active profile set, falling back to 1 default profile: "default"
2022-07-22 13:37:36.305 INFO  o.s.boot.web.embedded.tomcat.TomcatWebServer      :108  [32m                  [0;39m Tomcat initialized with port(s): 8880 (http)
2022-07-22 13:37:36.305 INFO  org.apache.catalina.core.AprLifecycleListener     :173  [32m                  [0;39m Loaded Apache Tomcat Native library [1.2.31] using APR version [1.7.0].
2022-07-22 13:37:36.305 INFO  org.apache.catalina.core.AprLifecycleListener     :173  [32m                  [0;39m APR capabilities: IPv6 [true], sendfile [true], accept filters [false], random [true], UDS [true].
2022-07-22 13:37:36.305 INFO  org.apache.catalina.core.AprLifecycleListener     :173  [32m                  [0;39m APR/OpenSSL configuration: useAprConnector [false], useOpenSSL [true]
2022-07-22 13:37:36.305 INFO  org.apache.catalina.core.AprLifecycleListener     :173  [32m                  [0;39m OpenSSL successfully initialized [OpenSSL 1.1.1l  24 Aug 2021]
2022-07-22 13:37:36.306 INFO  org.apache.coyote.http11.Http11NioProtocol        :173  [32m                  [0;39m Initializing ProtocolHandler ["http-nio-8880"]
2022-07-22 13:37:36.306 INFO  org.apache.catalina.core.StandardService          :173  [32m                  [0;39m Starting service [Tomcat]
2022-07-22 13:37:36.306 INFO  org.apache.catalina.core.StandardEngine           :173  [32m                  [0;39m Starting Servlet engine: [Apache Tomcat/9.0.64]
2022-07-22 13:37:36.321 INFO  o.a.c.core.ContainerBase.[Tomcat].[localhost].[/] :173  [32m                  [0;39m Initializing Spring embedded WebApplicationContext
2022-07-22 13:37:36.322 INFO  o.s.b.w.s.c.ServletWebServerApplicationContext    :292  [32m                  [0;39m Root WebApplicationContext: initialization completed in 160 ms
2022-07-22 13:37:36.415 INFO  o.s.b.d.autoconfigure.OptionalLiveReloadServer    :58   [32m                  [0;39m LiveReload server is running on port 35729
2022-07-22 13:37:36.420 INFO  org.apache.coyote.http11.Http11NioProtocol        :173  [32m                  [0;39m Starting ProtocolHandler ["http-nio-8880"]
2022-07-22 13:37:36.422 INFO  o.s.boot.web.embedded.tomcat.TomcatWebServer      :220  [32m                  [0;39m Tomcat started on port(s): 8880 (http) with context path ''
2022-07-22 13:37:36.424 INFO  com.jiawa.wikidev.WikidevApplication              :61   [32m                  [0;39m Started WikidevApplication in 0.286 seconds (JVM running for 392.417)
2022-07-22 13:37:36.425 INFO  o.s.b.d.a.ConditionEvaluationDeltaLoggingListener :63   [32m                  [0;39m Condition evaluation unchanged
2022-07-22 13:37:36.426 INFO  com.jiawa.wikidev.WikidevApplication              :19   [32m                  [0;39m 启动成功！！
2022-07-22 13:37:36.426 INFO  com.jiawa.wikidev.WikidevApplication              :20   [32m                  [0;39m 地址：	http://127.0.0.1:8880
2022-07-22 13:37:52.323 INFO  com.jiawa.wikidev.WikidevApplication              :55   [32m                  [0;39m Starting WikidevApplication using Java 1.8.0_322 on LAPTOP-ATMOILNP with PID 26764 (D:\WorkSpace\imooc\wikidev\target\classes started by Tong in D:\WorkSpace\imooc\wikidev)
2022-07-22 13:37:52.323 INFO  com.jiawa.wikidev.WikidevApplication              :634  [32m                  [0;39m No active profile set, falling back to 1 default profile: "default"
2022-07-22 13:37:52.458 INFO  o.s.boot.web.embedded.tomcat.TomcatWebServer      :108  [32m                  [0;39m Tomcat initialized with port(s): 8880 (http)
2022-07-22 13:37:52.458 INFO  org.apache.catalina.core.AprLifecycleListener     :173  [32m                  [0;39m Loaded Apache Tomcat Native library [1.2.31] using APR version [1.7.0].
2022-07-22 13:37:52.458 INFO  org.apache.catalina.core.AprLifecycleListener     :173  [32m                  [0;39m APR capabilities: IPv6 [true], sendfile [true], accept filters [false], random [true], UDS [true].
2022-07-22 13:37:52.458 INFO  org.apache.catalina.core.AprLifecycleListener     :173  [32m                  [0;39m APR/OpenSSL configuration: useAprConnector [false], useOpenSSL [true]
2022-07-22 13:37:52.459 INFO  org.apache.catalina.core.AprLifecycleListener     :173  [32m                  [0;39m OpenSSL successfully initialized [OpenSSL 1.1.1l  24 Aug 2021]
2022-07-22 13:37:52.459 INFO  org.apache.coyote.http11.Http11NioProtocol        :173  [32m                  [0;39m Initializing ProtocolHandler ["http-nio-8880"]
2022-07-22 13:37:52.459 INFO  org.apache.catalina.core.StandardService          :173  [32m                  [0;39m Starting service [Tomcat]
2022-07-22 13:37:52.459 INFO  org.apache.catalina.core.StandardEngine           :173  [32m                  [0;39m Starting Servlet engine: [Apache Tomcat/9.0.64]
2022-07-22 13:37:52.474 INFO  o.a.c.core.ContainerBase.[Tomcat].[localhost].[/] :173  [32m                  [0;39m Initializing Spring embedded WebApplicationContext
2022-07-22 13:37:52.474 INFO  o.s.b.w.s.c.ServletWebServerApplicationContext    :292  [32m                  [0;39m Root WebApplicationContext: initialization completed in 150 ms
2022-07-22 13:37:52.568 INFO  o.s.b.d.autoconfigure.OptionalLiveReloadServer    :58   [32m                  [0;39m LiveReload server is running on port 35729
2022-07-22 13:37:52.573 INFO  org.apache.coyote.http11.Http11NioProtocol        :173  [32m                  [0;39m Starting ProtocolHandler ["http-nio-8880"]
2022-07-22 13:37:52.574 INFO  o.s.boot.web.embedded.tomcat.TomcatWebServer      :220  [32m                  [0;39m Tomcat started on port(s): 8880 (http) with context path ''
2022-07-22 13:37:52.578 INFO  com.jiawa.wikidev.WikidevApplication              :61   [32m                  [0;39m Started WikidevApplication in 0.273 seconds (JVM running for 408.57)
2022-07-22 13:37:52.579 INFO  o.s.b.d.a.ConditionEvaluationDeltaLoggingListener :63   [32m                  [0;39m Condition evaluation unchanged
2022-07-22 13:37:52.580 INFO  com.jiawa.wikidev.WikidevApplication              :19   [32m                  [0;39m 启动成功！！
2022-07-22 13:37:52.580 INFO  com.jiawa.wikidev.WikidevApplication              :20   [32m                  [0;39m 地址：	http://127.0.0.1:8880
2022-07-22 13:37:57.039 INFO  o.a.c.core.ContainerBase.[Tomcat].[localhost].[/] :173  [32m                  [0;39m Initializing Spring DispatcherServlet 'dispatcherServlet'
2022-07-22 13:37:57.040 INFO  org.springframework.web.servlet.DispatcherServlet :525  [32m                  [0;39m Initializing Servlet 'dispatcherServlet'
2022-07-22 13:37:57.040 INFO  org.springframework.web.servlet.DispatcherServlet :547  [32m                  [0;39m Completed initialization in 0 ms
2022-07-22 13:37:57.050 INFO  com.zaxxer.hikari.HikariDataSource                :110  [32m                  [0;39m HikariPool-2 - Starting...
2022-07-22 13:37:57.068 INFO  com.zaxxer.hikari.HikariDataSource                :123  [32m                  [0;39m HikariPool-2 - Start completed.
